<?xml version="1.0" encoding="UTF-8"?>
<testsuite xmlns:xsi="http://www.w3.org/2001/XMLSchema-instance" xsi:noNamespaceSchemaLocation="https://maven.apache.org/surefire/maven-surefire-plugin/xsd/surefire-test-report.xsd" name="fr.ufrsciencestech.sgd.vueControleur.RechercheUtilisateurTest" time="4.59" tests="21" errors="0" skipped="0" failures="0">
  <properties>
    <property name="awt.toolkit" value="sun.awt.X11.XToolkit"/>
    <property name="file.encoding.pkg" value="sun.io"/>
    <property name="java.specification.version" value="1.8"/>
    <property name="sun.cpu.isalist" value=""/>
    <property name="sun.jnu.encoding" value="UTF-8"/>
    <property name="java.class.path" value="/media/ar948052/CLE RIVERE2/ProjetSGDFinal/ProjetSGD/SGD/target/test-classes:/media/ar948052/CLE RIVERE2/ProjetSGDFinal/ProjetSGD/SGD/target/classes:/home1/ar948052/.m2/repository/org/apache/commons/commons-lang3/3.0/commons-lang3-3.0.jar:/home1/ar948052/.m2/repository/junit/junit/4.11/junit-4.11.jar:/home1/ar948052/.m2/repository/org/hamcrest/hamcrest-core/1.3/hamcrest-core-1.3.jar:/home1/ar948052/.m2/repository/org/mongodb/bson/3.4.3/bson-3.4.3.jar:/home1/ar948052/.m2/repository/org/mongodb/mongo-java-driver/3.7.1/mongo-java-driver-3.7.1.jar:/home1/ar948052/.m2/repository/org/mongodb/mongodb-driver/3.7.0/mongodb-driver-3.7.0.jar:/home1/ar948052/.m2/repository/org/netbeans/external/AbsoluteLayout/SNAPSHOT/AbsoluteLayout-SNAPSHOT.jar:"/>
    <property name="java.vm.vendor" value="Oracle Corporation"/>
    <property name="sun.arch.data.model" value="64"/>
    <property name="java.vendor.url" value="http://java.oracle.com/"/>
    <property name="user.timezone" value=""/>
    <property name="java.vm.specification.version" value="1.8"/>
    <property name="os.name" value="Linux"/>
    <property name="sun.java.launcher" value="SUN_STANDARD"/>
    <property name="user.country" value="FR"/>
    <property name="sun.boot.library.path" value="/usr/local/jdk1.8.0_181/jre/lib/amd64"/>
    <property name="sun.java.command" value="/media/ar948052/CLE RIVERE2/ProjetSGDFinal/ProjetSGD/SGD/target/surefire/surefirebooter4827009358103908153.jar /media/ar948052/CLE RIVERE2/ProjetSGDFinal/ProjetSGD/SGD/target/surefire 2019-01-14T10-06-22_299-jvmRun1 surefire556348999991155735tmp surefire_09030781543336143132tmp"/>
    <property name="surefire.test.class.path" value="/media/ar948052/CLE RIVERE2/ProjetSGDFinal/ProjetSGD/SGD/target/test-classes:/media/ar948052/CLE RIVERE2/ProjetSGDFinal/ProjetSGD/SGD/target/classes:/home1/ar948052/.m2/repository/org/apache/commons/commons-lang3/3.0/commons-lang3-3.0.jar:/home1/ar948052/.m2/repository/junit/junit/4.11/junit-4.11.jar:/home1/ar948052/.m2/repository/org/hamcrest/hamcrest-core/1.3/hamcrest-core-1.3.jar:/home1/ar948052/.m2/repository/org/mongodb/bson/3.4.3/bson-3.4.3.jar:/home1/ar948052/.m2/repository/org/mongodb/mongo-java-driver/3.7.1/mongo-java-driver-3.7.1.jar:/home1/ar948052/.m2/repository/org/mongodb/mongodb-driver/3.7.0/mongodb-driver-3.7.0.jar:/home1/ar948052/.m2/repository/org/netbeans/external/AbsoluteLayout/SNAPSHOT/AbsoluteLayout-SNAPSHOT.jar:"/>
    <property name="sun.cpu.endian" value="little"/>
    <property name="user.home" value="/home1/ar948052"/>
    <property name="user.language" value="fr"/>
    <property name="java.specification.vendor" value="Oracle Corporation"/>
    <property name="java.home" value="/usr/local/jdk1.8.0_181/jre"/>
    <property name="basedir" value="/media/ar948052/CLE RIVERE2/ProjetSGDFinal/ProjetSGD/SGD"/>
    <property name="file.separator" value="/"/>
    <property name="line.separator" value="&#10;"/>
    <property name="java.vm.specification.vendor" value="Oracle Corporation"/>
    <property name="java.specification.name" value="Java Platform API Specification"/>
    <property name="java.awt.graphicsenv" value="sun.awt.X11GraphicsEnvironment"/>
    <property name="surefire.real.class.path" value="/media/ar948052/CLE RIVERE2/ProjetSGDFinal/ProjetSGD/SGD/target/surefire/surefirebooter4827009358103908153.jar"/>
    <property name="sun.boot.class.path" value="/usr/local/jdk1.8.0_181/jre/lib/resources.jar:/usr/local/jdk1.8.0_181/jre/lib/rt.jar:/usr/local/jdk1.8.0_181/jre/lib/sunrsasign.jar:/usr/local/jdk1.8.0_181/jre/lib/jsse.jar:/usr/local/jdk1.8.0_181/jre/lib/jce.jar:/usr/local/jdk1.8.0_181/jre/lib/charsets.jar:/usr/local/jdk1.8.0_181/jre/lib/jfr.jar:/usr/local/jdk1.8.0_181/jre/classes"/>
    <property name="sun.management.compiler" value="HotSpot 64-Bit Tiered Compilers"/>
    <property name="java.runtime.version" value="1.8.0_181-b13"/>
    <property name="user.name" value="ar948052"/>
    <property name="path.separator" value=":"/>
    <property name="os.version" value="4.9.0-8-amd64"/>
    <property name="java.endorsed.dirs" value="/usr/local/jdk1.8.0_181/jre/lib/endorsed"/>
    <property name="java.runtime.name" value="Java(TM) SE Runtime Environment"/>
    <property name="file.encoding" value="UTF-8"/>
    <property name="java.vm.name" value="Java HotSpot(TM) 64-Bit Server VM"/>
    <property name="maven.ext.class.path" value="/usr/local/netbeans-8.2/java/maven-nblib/netbeans-eventspy.jar"/>
    <property name="localRepository" value="/home1/ar948052/.m2/repository"/>
    <property name="java.vendor.url.bug" value="http://bugreport.sun.com/bugreport/"/>
    <property name="java.io.tmpdir" value="/tmp"/>
    <property name="java.version" value="1.8.0_181"/>
    <property name="user.dir" value="/media/ar948052/CLE RIVERE2/ProjetSGDFinal/ProjetSGD/SGD"/>
    <property name="os.arch" value="amd64"/>
    <property name="java.vm.specification.name" value="Java Virtual Machine Specification"/>
    <property name="java.awt.printerjob" value="sun.print.PSPrinterJob"/>
    <property name="sun.os.patch.level" value="unknown"/>
    <property name="java.library.path" value="/usr/local/jdk-1.8/jre/lib/amd64:/usr/local/jdk-1.8/jre/lib/i386::/usr/java/packages/lib/amd64:/usr/lib64:/lib64:/lib:/usr/lib"/>
    <property name="java.vm.info" value="mixed mode"/>
    <property name="java.vendor" value="Oracle Corporation"/>
    <property name="java.vm.version" value="25.181-b13"/>
    <property name="java.ext.dirs" value="/usr/local/jdk1.8.0_181/jre/lib/ext:/usr/java/packages/lib/ext"/>
    <property name="sun.io.unicode.encoding" value="UnicodeLittle"/>
    <property name="java.class.version" value="52.0"/>
  </properties>
  <testcase name="testRecherchePegiErreur" classname="fr.ufrsciencestech.sgd.vueControleur.RechercheUtilisateurTest" time="0.145"/>
  <testcase name="testRecherche2Crit" classname="fr.ufrsciencestech.sgd.vueControleur.RechercheUtilisateurTest" time="0.341"/>
  <testcase name="testRecherche6Crit" classname="fr.ufrsciencestech.sgd.vueControleur.RechercheUtilisateurTest" time="0.892"/>
  <testcase name="testRechercheCateg" classname="fr.ufrsciencestech.sgd.vueControleur.RechercheUtilisateurTest" time="0.19"/>
  <testcase name="testRechercheDispo" classname="fr.ufrsciencestech.sgd.vueControleur.RechercheUtilisateurTest" time="0.194"/>
  <testcase name="testRechercheEchec" classname="fr.ufrsciencestech.sgd.vueControleur.RechercheUtilisateurTest" time="0.165"/>
  <testcase name="testRechercheSerie" classname="fr.ufrsciencestech.sgd.vueControleur.RechercheUtilisateurTest" time="0.19"/>
  <testcase name="testMoy" classname="fr.ufrsciencestech.sgd.vueControleur.RechercheUtilisateurTest" time="0.195"/>
  <testcase name="testRecherchePegiVide" classname="fr.ufrsciencestech.sgd.vueControleur.RechercheUtilisateurTest" time="0.17"/>
  <testcase name="testRechercheNoteInf" classname="fr.ufrsciencestech.sgd.vueControleur.RechercheUtilisateurTest" time="0.153"/>
  <testcase name="testRechercheNoteSup" classname="fr.ufrsciencestech.sgd.vueControleur.RechercheUtilisateurTest" time="0.156"/>
  <testcase name="testRechercheNoteErreur" classname="fr.ufrsciencestech.sgd.vueControleur.RechercheUtilisateurTest" time="0.165"/>
  <testcase name="testRechercheNoteEg" classname="fr.ufrsciencestech.sgd.vueControleur.RechercheUtilisateurTest" time="0.173"/>
  <testcase name="testRechercheNoteVide" classname="fr.ufrsciencestech.sgd.vueControleur.RechercheUtilisateurTest" time="0.178"/>
  <testcase name="testRechercheSerieVide" classname="fr.ufrsciencestech.sgd.vueControleur.RechercheUtilisateurTest" time="0.172"/>
  <testcase name="testRechercheDispoErreur" classname="fr.ufrsciencestech.sgd.vueControleur.RechercheUtilisateurTest" time="0.155"/>
  <testcase name="testAfficheJeu" classname="fr.ufrsciencestech.sgd.vueControleur.RechercheUtilisateurTest" time="0.181"/>
  <testcase name="testRechercheNom" classname="fr.ufrsciencestech.sgd.vueControleur.RechercheUtilisateurTest" time="0.178"/>
  <testcase name="testNbAvis" classname="fr.ufrsciencestech.sgd.vueControleur.RechercheUtilisateurTest" time="0.199"/>
  <testcase name="testRechercheDispoVide" classname="fr.ufrsciencestech.sgd.vueControleur.RechercheUtilisateurTest" time="0.169"/>
  <testcase name="testRecherchePegi" classname="fr.ufrsciencestech.sgd.vueControleur.RechercheUtilisateurTest" time="0.179"/>
</testsuite>